Arguments: 
  C:\Program Files\nodejs\node.exe C:\Program Files (x86)\Yarn\bin\yarn.js add moment

PATH: 
  C:\Users\hanch\bin;C:\Program Files\Git\mingw64\bin;C:\Program Files\Git\usr\local\bin;C:\Program Files\Git\usr\bin;C:\Program Files\Git\usr\bin;C:\Program Files\Git\mingw64\bin;C:\Program Files\Git\usr\bin;C:\Users\hanch\bin;C:\Python27;C:\Python27\Scripts;C:\oraclexe\app\oracle\product\10.2.0\server\bin;C:\ProgramData\Oracle\Java\javapath;C:\Program Files (x86)\Intel\Intel(R) Management Engine Components\iCLS;C:\Program Files\Intel\Intel(R) Management Engine Components\iCLS;C:\WINDOWS\system32;C:\WINDOWS;C:\WINDOWS\System32\Wbem;C:\WINDOWS\System32\WindowsPowerShell\v1.0;C:\Program Files (x86)\Intel\Intel(R) Management Engine Components\DAL;C:\Program Files\Intel\Intel(R) Management Engine Components\DAL;C:\Program Files (x86)\Intel\Intel(R) Management Engine Components\IPT;C:\Program Files\Intel\Intel(R) Management Engine Components\IPT;C:\Program Files\Git\cmd;C:\Program Files\Git\mingw64\bin;C:\Program Files\Git\usr\bin;C:\xampp\php;C:\ProgramData\ComposerSetup\bin;%HAXEPATH%;%NEKO_INSTPATH%;C:\Program Files (x86)\GtkSharp\2.12\bin;C:\WINDOWS\system32\config\systemprofile\.dnx\bin;C:\Program Files\Microsoft DNX\Dnvm;C:\Program Files\Microsoft SQL Server\130\Tools\Binn;C:\WINDOWS\System32\OpenSSH;C:\ProgramData\chocolatey\bin;C:\Program Files\Java\jdk1.8.0_172\bin;C:\Android\android-sdk\tools;C:\Android\android-sdk\platform-tools;C:\Program Files\Java\jdk1.8.0_181\bin;C:\Program Files (x86)\Yarn\bin;C:\Program Files\nodejs;C:\Users\hanch\AppData\Local\Programs\Python\Python36\Scripts;C:\Users\hanch\AppData\Local\Programs\Python\Python36;C:\Users\hanch\AppData\Local\Microsoft\WindowsApps;C:\Program Files\Microsoft VS Code\bin;C:\Users\hanch\AppData\Roaming\Composer\vendor\bin;C:\Program Files\heroku\bin;C:\Program Files\flutter\bin;C:\Users\hanch\AppData\Local\Yarn\bin;C:\Users\hanch\AppData\Roaming\npm;C:\Program Files\Git\usr\bin\vendor_perl;C:\Program Files\Git\usr\bin\core_perl

Yarn version: 
  1.12.3

Node version: 
  11.11.0

Platform: 
  win32 x64

Trace: 
  Error: getaddrinfo ENOTFOUND registry.yarnpkg.com registry.yarnpkg.com:443
      at GetAddrInfoReqWrap.onlookup [as oncomplete] (dns.js:58:26)

npm manifest: 
  {
      "name": "nodejscore",
      "version": "1.0.0",
      "description": "",
      "main": "index.js",
      "scripts": {
          "test": "nodemon server.js"
      },
      "author": "",
      "license": "ISC",
      "dependencies": {
          "bcrypt": "^3.0.2",
          "bcryptjs": "^2.4.3",
          "body-parser": "^1.18.3",
          "cors": "^2.8.5",
          "cose": "0.0.2",
          "express": "^4.16.4",
          "jsonwebtoken": "^8.5.1",
          "moment": "^2.23.0",
          "mysql": "^2.16.0"
      }
  }

yarn manifest: 
  No manifest

Lockfile: 
  No lockfile
